
*** Running vivado
    with args -log top_module.vds -m64 -product Vivado -mode batch -messageDb vivado.pb -notrace -source top_module.tcl



****** Vivado v2025.1 (64-bit)
  **** SW Build 6140274 on Thu May 22 00:12:29 MDT 2025
  **** IP Build 6138677 on Thu May 22 03:10:11 MDT 2025
  **** SharedData Build 6139179 on Tue May 20 17:58:58 MDT 2025
  **** Start of session at: Thu Aug  7 17:42:37 2025
    ** Copyright 1986-2022 Xilinx, Inc. All Rights Reserved.
    ** Copyright 2022-2025 Advanced Micro Devices, Inc. All Rights Reserved.

source top_module.tcl -notrace
Command: read_checkpoint -auto_incremental -incremental {C:/Users/Mihai Florea/SISTEM_ILUMINAT/SISTEM_ILUMINAT.srcs/utils_1/imports/synth_1/top_module.dcp}
INFO: [Vivado 12-5825] Read reference checkpoint from C:/Users/Mihai Florea/SISTEM_ILUMINAT/SISTEM_ILUMINAT.srcs/utils_1/imports/synth_1/top_module.dcp for incremental synthesis
INFO: [Vivado 12-7989] Please ensure there are no constraint changes
Command: synth_design -top top_module -part xc7a35tcpg236-1
Starting synth_design
Attempting to get a license for feature 'Synthesis' and/or device 'xc7a35t'
INFO: [Common 17-349] Got license for feature 'Synthesis' and/or device 'xc7a35t'
INFO: [Device 21-403] Loading part xc7a35tcpg236-1
INFO: [Designutils 20-5440] No compile time benefit to using incremental synthesis; A full resynthesis will be run
INFO: [Designutils 20-4379] Flow is switching to default flow due to incremental criteria not met. If you would like to alter this behaviour and have the flow terminate instead, please set the following parameter config_implementation {autoIncr.Synth.RejectBehavior Terminate}
INFO: [Synth 8-7079] Multithreading enabled for synth_design using a maximum of 2 processes.
INFO: [Synth 8-7078] Launching helper process for spawning children vivado processes
INFO: [Synth 8-7075] Helper process launched with PID 17784
---------------------------------------------------------------------------------
Starting RTL Elaboration : Time (s): cpu = 00:00:05 ; elapsed = 00:00:06 . Memory (MB): peak = 1177.984 ; gain = 494.004
---------------------------------------------------------------------------------
INFO: [Synth 8-6157] synthesizing module 'top_module' [C:/Users/Mihai Florea/SISTEM_ILUMINAT/SISTEM_ILUMINAT.srcs/sources_1/new/top_module.v:1]
INFO: [Synth 8-6157] synthesizing module 'pwm_led' [C:/Users/Mihai Florea/SISTEM_ILUMINAT/SISTEM_ILUMINAT.srcs/sources_1/new/pwm_led.v:1]
INFO: [Synth 8-6155] done synthesizing module 'pwm_led' (0#1) [C:/Users/Mihai Florea/SISTEM_ILUMINAT/SISTEM_ILUMINAT.srcs/sources_1/new/pwm_led.v:1]
INFO: [Synth 8-6157] synthesizing module 'clock_divider' [C:/Users/Mihai Florea/SISTEM_ILUMINAT/SISTEM_ILUMINAT.srcs/sources_1/new/clock_divider.v:1]
INFO: [Synth 8-6155] done synthesizing module 'clock_divider' (0#1) [C:/Users/Mihai Florea/SISTEM_ILUMINAT/SISTEM_ILUMINAT.srcs/sources_1/new/clock_divider.v:1]
INFO: [Synth 8-6157] synthesizing module 'debounce' [C:/Users/Mihai Florea/SISTEM_ILUMINAT/SISTEM_ILUMINAT.srcs/sources_1/new/debounce.v:1]
INFO: [Synth 8-6155] done synthesizing module 'debounce' (0#1) [C:/Users/Mihai Florea/SISTEM_ILUMINAT/SISTEM_ILUMINAT.srcs/sources_1/new/debounce.v:1]
INFO: [Synth 8-6157] synthesizing module 'clock_logic' [C:/Users/Mihai Florea/SISTEM_ILUMINAT/SISTEM_ILUMINAT.srcs/sources_1/new/clock_logic.v:1]
INFO: [Synth 8-6155] done synthesizing module 'clock_logic' (0#1) [C:/Users/Mihai Florea/SISTEM_ILUMINAT/SISTEM_ILUMINAT.srcs/sources_1/new/clock_logic.v:1]
INFO: [Synth 8-6157] synthesizing module 'ssd_multiplex' [C:/Users/Mihai Florea/SISTEM_ILUMINAT/SISTEM_ILUMINAT.srcs/sources_1/new/ssd_multiplex.v:1]
INFO: [Synth 8-6157] synthesizing module 'bcd_to_7seg' [C:/Users/Mihai Florea/SISTEM_ILUMINAT/SISTEM_ILUMINAT.srcs/sources_1/new/bcd_7_seg.v:1]
INFO: [Synth 8-6155] done synthesizing module 'bcd_to_7seg' (0#1) [C:/Users/Mihai Florea/SISTEM_ILUMINAT/SISTEM_ILUMINAT.srcs/sources_1/new/bcd_7_seg.v:1]
INFO: [Synth 8-226] default block is never used [C:/Users/Mihai Florea/SISTEM_ILUMINAT/SISTEM_ILUMINAT.srcs/sources_1/new/ssd_multiplex.v:29]
INFO: [Synth 8-6155] done synthesizing module 'ssd_multiplex' (0#1) [C:/Users/Mihai Florea/SISTEM_ILUMINAT/SISTEM_ILUMINAT.srcs/sources_1/new/ssd_multiplex.v:1]
INFO: [Synth 8-6157] synthesizing module 'led_controller' [C:/Users/Mihai Florea/SISTEM_ILUMINAT/SISTEM_ILUMINAT.srcs/sources_1/new/led_controller.v:1]
INFO: [Synth 8-6155] done synthesizing module 'led_controller' (0#1) [C:/Users/Mihai Florea/SISTEM_ILUMINAT/SISTEM_ILUMINAT.srcs/sources_1/new/led_controller.v:1]
INFO: [Synth 8-6157] synthesizing module 'led_animator' [C:/Users/Mihai Florea/SISTEM_ILUMINAT/SISTEM_ILUMINAT.srcs/sources_1/new/led_animator.v:1]
INFO: [Synth 8-6155] done synthesizing module 'led_animator' (0#1) [C:/Users/Mihai Florea/SISTEM_ILUMINAT/SISTEM_ILUMINAT.srcs/sources_1/new/led_animator.v:1]
INFO: [Synth 8-6155] done synthesizing module 'top_module' (0#1) [C:/Users/Mihai Florea/SISTEM_ILUMINAT/SISTEM_ILUMINAT.srcs/sources_1/new/top_module.v:1]
---------------------------------------------------------------------------------
Finished RTL Elaboration : Time (s): cpu = 00:00:06 ; elapsed = 00:00:07 . Memory (MB): peak = 1286.602 ; gain = 602.621
---------------------------------------------------------------------------------
---------------------------------------------------------------------------------
Start Handling Custom Attributes
---------------------------------------------------------------------------------
---------------------------------------------------------------------------------
Finished Handling Custom Attributes : Time (s): cpu = 00:00:07 ; elapsed = 00:00:07 . Memory (MB): peak = 1286.602 ; gain = 602.621
---------------------------------------------------------------------------------
---------------------------------------------------------------------------------
Finished RTL Optimization Phase 1 : Time (s): cpu = 00:00:07 ; elapsed = 00:00:07 . Memory (MB): peak = 1286.602 ; gain = 602.621
---------------------------------------------------------------------------------
Netlist sorting complete. Time (s): cpu = 00:00:00 ; elapsed = 00:00:00.004 . Memory (MB): peak = 1286.602 ; gain = 0.000
INFO: [Project 1-570] Preparing netlist for logic optimization

Processing XDC Constraints
Initializing timing engine
Parsing XDC File [C:/Users/Mihai Florea/Downloads/Basys3_Master.xdc]
Finished Parsing XDC File [C:/Users/Mihai Florea/Downloads/Basys3_Master.xdc]
INFO: [Project 1-236] Implementation specific constraints were found while reading constraint file [C:/Users/Mihai Florea/Downloads/Basys3_Master.xdc]. These constraints will be ignored for synthesis but will be used in implementation. Impacted constraints are listed in the file [.Xil/top_module_propImpl.xdc].
Resolution: To avoid this warning, move constraints listed in [.Xil/top_module_propImpl.xdc] to another XDC file and exclude this new file from synthesis with the used_in_synthesis property (File Properties dialog in GUI) and re-run elaboration/synthesis.
Completed Processing XDC Constraints

Netlist sorting complete. Time (s): cpu = 00:00:00 ; elapsed = 00:00:00 . Memory (MB): peak = 1355.445 ; gain = 0.000
INFO: [Project 1-111] Unisim Transformation Summary:
No Unisim elements were transformed.

Constraint Validation Runtime : Time (s): cpu = 00:00:00 ; elapsed = 00:00:00.003 . Memory (MB): peak = 1355.445 ; gain = 0.000
INFO: [Designutils 20-5440] No compile time benefit to using incremental synthesis; A full resynthesis will be run
INFO: [Designutils 20-4379] Flow is switching to default flow due to incremental criteria not met. If you would like to alter this behaviour and have the flow terminate instead, please set the following parameter config_implementation {autoIncr.Synth.RejectBehavior Terminate}
---------------------------------------------------------------------------------
Finished Constraint Validation : Time (s): cpu = 00:00:14 ; elapsed = 00:00:15 . Memory (MB): peak = 1355.445 ; gain = 671.465
---------------------------------------------------------------------------------
---------------------------------------------------------------------------------
Start Loading Part and Timing Information
---------------------------------------------------------------------------------
Loading part: xc7a35tcpg236-1
---------------------------------------------------------------------------------
Finished Loading Part and Timing Information : Time (s): cpu = 00:00:14 ; elapsed = 00:00:15 . Memory (MB): peak = 1355.445 ; gain = 671.465
---------------------------------------------------------------------------------
---------------------------------------------------------------------------------
Start Applying 'set_property' XDC Constraints
---------------------------------------------------------------------------------
---------------------------------------------------------------------------------
Finished applying 'set_property' XDC Constraints : Time (s): cpu = 00:00:14 ; elapsed = 00:00:15 . Memory (MB): peak = 1355.445 ; gain = 671.465
---------------------------------------------------------------------------------
---------------------------------------------------------------------------------
Finished RTL Optimization Phase 2 : Time (s): cpu = 00:00:14 ; elapsed = 00:00:16 . Memory (MB): peak = 1355.445 ; gain = 671.465
---------------------------------------------------------------------------------
---------------------------------------------------------------------------------
Start RTL Component Statistics 
---------------------------------------------------------------------------------
Detailed RTL Component Info : 
+---Adders : 
	   2 Input   24 Bit       Adders := 1     
	   2 Input    6 Bit       Adders := 3     
	   2 Input    5 Bit       Adders := 1     
	   2 Input    4 Bit       Adders := 16    
	   2 Input    2 Bit       Adders := 1     
+---Registers : 
	               24 Bit    Registers := 1     
	                6 Bit    Registers := 2     
	                4 Bit    Registers := 17    
	                2 Bit    Registers := 1     
	                1 Bit    Registers := 22    
+---Muxes : 
	   2 Input    6 Bit        Muxes := 1     
	   2 Input    5 Bit        Muxes := 1     
	   4 Input    4 Bit        Muxes := 3     
	   2 Input    4 Bit        Muxes := 1     
	   3 Input    4 Bit        Muxes := 16    
	   2 Input    1 Bit        Muxes := 27    
	   5 Input    1 Bit        Muxes := 14    
---------------------------------------------------------------------------------
Finished RTL Component Statistics 
---------------------------------------------------------------------------------
---------------------------------------------------------------------------------
Start Part Resource Summary
---------------------------------------------------------------------------------
Part Resources:
DSPs: 90 (col length:60)
BRAMs: 100 (col length: RAMB18 60 RAMB36 30)
---------------------------------------------------------------------------------
Finished Part Resource Summary
---------------------------------------------------------------------------------
---------------------------------------------------------------------------------
Start Cross Boundary and Area Optimization
---------------------------------------------------------------------------------
WARNING: [Synth 8-7080] Parallel synthesis criteria is not met
---------------------------------------------------------------------------------
Finished Cross Boundary and Area Optimization : Time (s): cpu = 00:00:18 ; elapsed = 00:00:20 . Memory (MB): peak = 1365.895 ; gain = 681.914
---------------------------------------------------------------------------------
---------------------------------------------------------------------------------
Start Applying XDC Timing Constraints
---------------------------------------------------------------------------------
---------------------------------------------------------------------------------
Finished Applying XDC Timing Constraints : Time (s): cpu = 00:00:24 ; elapsed = 00:00:25 . Memory (MB): peak = 1490.527 ; gain = 806.547
---------------------------------------------------------------------------------
---------------------------------------------------------------------------------
Start Timing Optimization
---------------------------------------------------------------------------------
---------------------------------------------------------------------------------
Finished Timing Optimization : Time (s): cpu = 00:00:25 ; elapsed = 00:00:27 . Memory (MB): peak = 1531.680 ; gain = 847.699
---------------------------------------------------------------------------------
---------------------------------------------------------------------------------
Start Technology Mapping
---------------------------------------------------------------------------------
---------------------------------------------------------------------------------
Finished Technology Mapping : Time (s): cpu = 00:00:25 ; elapsed = 00:00:27 . Memory (MB): peak = 1531.738 ; gain = 847.758
---------------------------------------------------------------------------------
---------------------------------------------------------------------------------
Start IO Insertion
---------------------------------------------------------------------------------
---------------------------------------------------------------------------------
Start Flattening Before IO Insertion
---------------------------------------------------------------------------------
---------------------------------------------------------------------------------
Finished Flattening Before IO Insertion
---------------------------------------------------------------------------------
---------------------------------------------------------------------------------
Start Final Netlist Cleanup
---------------------------------------------------------------------------------
---------------------------------------------------------------------------------
Finished Final Netlist Cleanup
---------------------------------------------------------------------------------
---------------------------------------------------------------------------------
Finished IO Insertion : Time (s): cpu = 00:00:31 ; elapsed = 00:00:33 . Memory (MB): peak = 1740.172 ; gain = 1056.191
---------------------------------------------------------------------------------
---------------------------------------------------------------------------------
Start Renaming Generated Instances
---------------------------------------------------------------------------------
---------------------------------------------------------------------------------
Finished Renaming Generated Instances : Time (s): cpu = 00:00:31 ; elapsed = 00:00:33 . Memory (MB): peak = 1740.172 ; gain = 1056.191
---------------------------------------------------------------------------------
---------------------------------------------------------------------------------
Start Rebuilding User Hierarchy
---------------------------------------------------------------------------------
---------------------------------------------------------------------------------
Finished Rebuilding User Hierarchy : Time (s): cpu = 00:00:31 ; elapsed = 00:00:33 . Memory (MB): peak = 1740.172 ; gain = 1056.191
---------------------------------------------------------------------------------
---------------------------------------------------------------------------------
Start Renaming Generated Ports
---------------------------------------------------------------------------------
---------------------------------------------------------------------------------
Finished Renaming Generated Ports : Time (s): cpu = 00:00:31 ; elapsed = 00:00:33 . Memory (MB): peak = 1740.172 ; gain = 1056.191
---------------------------------------------------------------------------------
---------------------------------------------------------------------------------
Start Handling Custom Attributes
---------------------------------------------------------------------------------
---------------------------------------------------------------------------------
Finished Handling Custom Attributes : Time (s): cpu = 00:00:31 ; elapsed = 00:00:33 . Memory (MB): peak = 1740.172 ; gain = 1056.191
---------------------------------------------------------------------------------
---------------------------------------------------------------------------------
Start Renaming Generated Nets
---------------------------------------------------------------------------------
---------------------------------------------------------------------------------
Finished Renaming Generated Nets : Time (s): cpu = 00:00:31 ; elapsed = 00:00:33 . Memory (MB): peak = 1740.172 ; gain = 1056.191
---------------------------------------------------------------------------------
---------------------------------------------------------------------------------
Start Writing Synthesis Report
---------------------------------------------------------------------------------

Report BlackBoxes: 
+-+--------------+----------+
| |BlackBox name |Instances |
+-+--------------+----------+
+-+--------------+----------+

Report Cell Usage: 
+------+-------+------+
|      |Cell   |Count |
+------+-------+------+
|1     |BUFG   |     1|
|2     |CARRY4 |    26|
|3     |LUT1   |     6|
|4     |LUT2   |    16|
|5     |LUT3   |    32|
|6     |LUT4   |    27|
|7     |LUT5   |    22|
|8     |LUT6   |    59|
|9     |FDCE   |    71|
|10    |FDRE   |    65|
|11    |FDSE   |    10|
|12    |IBUF   |     4|
|13    |OBUF   |    27|
+------+-------+------+
---------------------------------------------------------------------------------
Finished Writing Synthesis Report : Time (s): cpu = 00:00:31 ; elapsed = 00:00:33 . Memory (MB): peak = 1740.172 ; gain = 1056.191
---------------------------------------------------------------------------------
Synthesis finished with 0 errors, 0 critical warnings and 1 warnings.
Synthesis Optimization Runtime : Time (s): cpu = 00:00:23 ; elapsed = 00:00:31 . Memory (MB): peak = 1740.172 ; gain = 987.348
Synthesis Optimization Complete : Time (s): cpu = 00:00:31 ; elapsed = 00:00:33 . Memory (MB): peak = 1740.172 ; gain = 1056.191
INFO: [Project 1-571] Translating synthesized netlist
Netlist sorting complete. Time (s): cpu = 00:00:00 ; elapsed = 00:00:00.002 . Memory (MB): peak = 1749.340 ; gain = 0.000
INFO: [Netlist 29-17] Analyzing 26 Unisim elements for replacement
INFO: [Netlist 29-28] Unisim Transformation completed in 0 CPU seconds
INFO: [Project 1-570] Preparing netlist for logic optimization
INFO: [Opt 31-138] Pushed 0 inverter(s) to 0 load pin(s).
Netlist sorting complete. Time (s): cpu = 00:00:00 ; elapsed = 00:00:00 . Memory (MB): peak = 1753.004 ; gain = 0.000
INFO: [Project 1-111] Unisim Transformation Summary:
No Unisim elements were transformed.

Synth Design complete | Checksum: 70f3c64e
INFO: [Common 17-83] Releasing license: Synthesis
40 Infos, 1 Warnings, 0 Critical Warnings and 0 Errors encountered.
synth_design completed successfully
synth_design: Time (s): cpu = 00:00:34 ; elapsed = 00:00:46 . Memory (MB): peak = 1753.004 ; gain = 1256.922
Write ShapeDB Complete: Time (s): cpu = 00:00:00 ; elapsed = 00:00:00.002 . Memory (MB): peak = 1753.004 ; gain = 0.000
INFO: [Common 17-1381] The checkpoint 'C:/Users/Mihai Florea/SISTEM_ILUMINAT/SISTEM_ILUMINAT.runs/synth_1/top_module.dcp' has been generated.
INFO: [Vivado 12-24828] Executing command : report_utilization -file top_module_utilization_synth.rpt -pb top_module_utilization_synth.pb
INFO: [Common 17-206] Exiting Vivado at Thu Aug  7 17:43:30 2025...
